2024-10-22 16:07:04,263 WARNING From C:\EC Utbildning\Customer-Churn-Prediction\env\Lib\site-packages\keras\src\backend\common\global_state.py:82: The name tf.reset_default_graph is deprecated. Please use tf.compat.v1.reset_default_graph instead.

2024-10-22 16:08:25,884 
INFO Raw production input data: {
'credit_score': 850, 
'country': 'Germany',
'gender': 'Male', 
'balance': 90000.0, 
'estimated_salary': 80000.0, 
'age': 45, 'tenure': 10, 
'num_of_products': 4, 
'has_cr_card': 1, 
'is_active_member': 1}

2024-10-22 16:08:25,957 
INFO Preprocessed input data:
   credit_score       1.0  
   balance            0.358711 
   estimated_salary   0.39998 
   age                45 
   tenure             10 
   num_of_products    4 
   has_cr_card        1  
   is_active_member   1 
   country_Germany    0
   country_Spain      0
   gender_Male        0 
0                                                                   
2024-10-22 16:08:26,410 
INFO Raw model probability: [[1.]]
